<?xml version="1.0" encoding="UTF-8"?>
<!-- Generated by org.testng.reporters.JUnitReportReporter -->
<testsuite skipped="0" hostname="Laptop-Ashwin123" name="com.itview.testcases.CarHomeEMI_Test" tests="1" failures="0" timestamp="2022-07-30T13:05:43 IST" time="3.649" errors="0">
  <testcase name="carLoan_10lakh" time="3.649" classname="com.itview.testcases.CarHomeEMI_Test"/>
  <system-out/>
</testsuite> <!-- com.itview.testcases.CarHomeEMI_Test -->
