<?xml version="1.0" encoding="UTF-8"?>
<!-- Generated by org.testng.reporters.JUnitReportReporter -->
<testsuite skipped="0" hostname="Laptop-Ashwin123" name="com.itview.testng.LoginOrangeHRM" tests="1" failures="0" timestamp="2022-07-16T12:36:37 IST" time="16.178" errors="0">
  <testcase name="loginOrangeHRM" time="16.178" classname="com.itview.testng.LoginOrangeHRM"/>
  <system-out/>
</testsuite> <!-- com.itview.testng.LoginOrangeHRM -->
