<?xml version="1.0" encoding="UTF-8"?>
<!-- Generated by org.testng.reporters.JUnitReportReporter -->
<testsuite skipped="0" hostname="Laptop-Ashwin123" name="com.itview.testng.All_Annotations" tests="4" failures="0" timestamp="2022-07-17T12:45:16 IST" time="0.023" errors="0">
  <testcase name="test1" time="0.009" classname="com.itview.testng.All_Annotations"/>
  <system-out/>
  <testcase name="test2" time="0.008" classname="com.itview.testng.All_Annotations"/>
  <system-out/>
  <testcase name="test3" time="0.003" classname="com.itview.testng.All_Annotations"/>
  <system-out/>
  <testcase name="test4" time="0.003" classname="com.itview.testng.All_Annotations"/>
  <system-out/>
</testsuite> <!-- com.itview.testng.All_Annotations -->
