<?xml version="1.0" encoding="UTF-8"?>
<!-- Generated by org.testng.reporters.JUnitReportReporter -->
<testsuite skipped="0" hostname="Laptop-Ashwin123" name="com.itview.testcases.CreditCard_Test" tests="2" failures="0" timestamp="2022-07-30T12:51:58 IST" time="8.528" errors="0">
  <testcase name="outStandingAmount_10000" time="4.175" classname="com.itview.testcases.CreditCard_Test"/>
  <system-out/>
  <testcase name="outStandingAmount_20000" time="4.353" classname="com.itview.testcases.CreditCard_Test"/>
  <system-out/>
</testsuite> <!-- com.itview.testcases.CreditCard_Test -->
