<?xml version="1.0" encoding="UTF-8"?>
<!-- Generated by org.testng.reporters.JUnitReportReporter -->
<testsuite skipped="1" hostname="Laptop-Ashwin123" name="com.itview.testng.AltoroMutualFund" tests="3" failures="0" timestamp="2022-07-16T12:36:37 IST" time="11.380" errors="0">
  <testcase name="loginAdmin" time="6.674" classname="com.itview.testng.AltoroMutualFund"/>
  <system-out/>
  <testcase name="loginTestUser" time="4.706" classname="com.itview.testng.AltoroMutualFund"/>
  <system-out/>
  <testcase name="loginJsmith" classname="com.itview.testng.AltoroMutualFund">
    <skipped/>
  </testcase> <!-- loginJsmith -->
  <system-out/>
</testsuite> <!-- com.itview.testng.AltoroMutualFund -->
