<?xml version="1.0" encoding="UTF-8"?>
<!-- Generated by org.testng.reporters.JUnitReportReporter -->
<testsuite skipped="0" hostname="Laptop-Ashwin123" name="com.itview.testcases.DataDriven_DataProvider" tests="3" failures="0" timestamp="2022-07-31T12:52:13 IST" time="11.797" errors="0">
  <testcase name="fixedDeposit_Test" time="3.705" classname="com.itview.testcases.DataDriven_DataProvider"/>
  <system-out/>
  <testcase name="fixedDeposit_Test" time="3.562" classname="com.itview.testcases.DataDriven_DataProvider"/>
  <system-out/>
  <testcase name="fixedDeposit_Test" time="4.530" classname="com.itview.testcases.DataDriven_DataProvider"/>
  <system-out/>
</testsuite> <!-- com.itview.testcases.DataDriven_DataProvider -->
