<?xml version="1.0" encoding="UTF-8"?>
<!-- Generated by org.testng.reporters.JUnitReportReporter -->
<testsuite skipped="0" hostname="Laptop-Ashwin123" name="com.itview.testng.SoftAssertTest" tests="2" failures="0" timestamp="2022-07-17T11:20:54 IST" time="6.302" errors="0">
  <testcase name="loginTest" time="2.453" classname="com.itview.testng.SoftAssertTest"/>
  <system-out/>
  <testcase name="logoutTest" time="3.849" classname="com.itview.testng.SoftAssertTest"/>
  <system-out/>
</testsuite> <!-- com.itview.testng.SoftAssertTest -->
