<?xml version="1.0" encoding="UTF-8"?>
<!-- Generated by org.testng.reporters.JUnitReportReporter -->
<testsuite skipped="0" hostname="Laptop-Ashwin123" name="com.itview.testng.HardAssertTest" tests="2" failures="0" timestamp="2022-07-17T10:43:41 IST" time="6.582" errors="0">
  <testcase name="loginTest" time="2.695" classname="com.itview.testng.HardAssertTest"/>
  <system-out/>
  <testcase name="logoutTest" time="3.887" classname="com.itview.testng.HardAssertTest"/>
  <system-out/>
</testsuite> <!-- com.itview.testng.HardAssertTest -->
