<?xml version="1.0" encoding="UTF-8"?>
<!-- Generated by org.testng.reporters.JUnitReportReporter -->
<testsuite skipped="0" hostname="Laptop-Ashwin123" name="com.itview.testng.BrowserCode" tests="3" failures="0" timestamp="2022-07-17T11:32:03 IST" time="21.497" errors="0">
  <testcase name="chromeBrowser" time="7.175" classname="com.itview.testng.BrowserCode"/>
  <system-out/>
  <testcase name="firefoxBrowser" time="8.620" classname="com.itview.testng.BrowserCode"/>
  <system-out/>
  <testcase name="edgeBrowser" time="5.702" classname="com.itview.testng.BrowserCode"/>
  <system-out/>
</testsuite> <!-- com.itview.testng.BrowserCode -->
