<?xml version="1.0" encoding="UTF-8"?>
<!-- Generated by org.testng.reporters.JUnitReportReporter -->
<testsuite skipped="0" hostname="Laptop-Ashwin123" name="com.itview.testcases.EducationEMI_Test" tests="1" failures="0" timestamp="2022-07-30T13:12:26 IST" time="4.021" errors="0">
  <testcase name="educationLoan_4lakh" time="4.021" classname="com.itview.testcases.EducationEMI_Test"/>
  <system-out/>
</testsuite> <!-- com.itview.testcases.EducationEMI_Test -->
