<?xml version="1.0" encoding="UTF-8"?>
<!-- Generated by org.testng.reporters.JUnitReportReporter -->
<testsuite skipped="0" hostname="Laptop-Ashwin123" name="com.itview.testcases.Data_Driven_FixedDeposit" tests="1" failures="0" timestamp="2022-07-31T12:51:34 IST" time="16.418" errors="0">
  <testcase name="verifyFixedDeposit_SI" time="16.418" classname="com.itview.testcases.Data_Driven_FixedDeposit"/>
  <system-out/>
</testsuite> <!-- com.itview.testcases.Data_Driven_FixedDeposit -->
